<?xml version="1.0" encoding="UTF-8"?>
<!-- Generated by org.testng.reporters.JUnitXMLReporter -->
<testsuite ignored="1" hostname="del1-lhp-n78153" failures="0" tests="2" name="Go Rest API Test" time="2.466" errors="0" timestamp="2023-09-18T16:58:51 IST">
  <testcase classname="com.qa.gorest.tests.GetUserTest" name="getAllUsersTest" time="1.405"/>
  <testcase classname="com.qa.gorest.tests.GetUserTest" name="getUserWithQueryParamsTest" time="0.549"/>
  <testcase classname="com.qa.gorest.tests.GetUserTest" name="getUserTest" time="0.0">
    <ignored/>
  </testcase> <!-- getUserTest -->
</testsuite> <!-- Go Rest API Test -->
